Flow report for mips_32_bit_alu
Thu Feb 25 22:33:50 2016
Quartus II 64-Bit Version 13.0.1 Build 232 06/12/2013 Service Pack 1 SJ Web Edition


---------------------
; Table of Contents ;
---------------------
  1. Legal Notice
  2. Flow Summary
  3. Flow Settings
  4. Flow Non-Default Global Settings
  5. Flow Elapsed Time
  6. Flow OS Summary
  7. Flow Log
  8. Flow Messages
  9. Flow Suppressed Messages



----------------
; Legal Notice ;
----------------
Copyright (C) 1991-2013 Altera Corporation
Your use of Altera Corporation's design tools, logic functions 
and other software and tools, and its AMPP partner logic 
functions, and any output files from any of the foregoing 
(including device programming or simulation files), and any 
associated documentation or information are expressly subject 
to the terms and conditions of the Altera Program License 
Subscription Agreement, Altera MegaCore Function License 
Agreement, or other applicable license agreement, including, 
without limitation, that your use is for the sole purpose of 
programming logic devices manufactured by Altera and sold by 
Altera or its authorized distributors.  Please refer to the 
applicable agreement for further details.



+--------------------------------------------------------------------------------------+
; Flow Summary                                                                         ;
+------------------------------------+-------------------------------------------------+
; Flow Status                        ; Successful - Thu Feb 25 22:33:50 2016           ;
; Quartus II 64-Bit Version          ; 13.0.1 Build 232 06/12/2013 SP 1 SJ Web Edition ;
; Revision Name                      ; mips_32_bit_alu                                 ;
; Top-level Entity Name              ; mips_32_bit_alu                                 ;
; Family                             ; Cyclone II                                      ;
; Total logic elements               ; 180 / 4,608 ( 4 % )                             ;
;     Total combinational functions  ; 180 / 4,608 ( 4 % )                             ;
;     Dedicated logic registers      ; 0 / 4,608 ( 0 % )                               ;
; Total registers                    ; 0                                               ;
; Total pins                         ; 102 / 158 ( 65 % )                              ;
; Total virtual pins                 ; 0                                               ;
; Total memory bits                  ; 0 / 119,808 ( 0 % )                             ;
; Embedded Multiplier 9-bit elements ; 0 / 26 ( 0 % )                                  ;
; Total PLLs                         ; 0 / 2 ( 0 % )                                   ;
; Device                             ; EP2C5F256C6                                     ;
; Timing Models                      ; Final                                           ;
+------------------------------------+-------------------------------------------------+


+-----------------------------------------+
; Flow Settings                           ;
+-------------------+---------------------+
; Option            ; Setting             ;
+-------------------+---------------------+
; Start date & time ; 02/25/2016 22:33:31 ;
; Main task         ; Compilation         ;
; Revision Name     ; mips_32_bit_alu     ;
+-------------------+---------------------+


+---------------------------------------------------------------------------------------------------------------------+
; Flow Non-Default Global Settings                                                                                    ;
+-------------------------------------+--------------------------------+---------------+-------------+----------------+
; Assignment Name                     ; Value                          ; Default Value ; Entity Name ; Section Id     ;
+-------------------------------------+--------------------------------+---------------+-------------+----------------+
; COMPILER_SIGNATURE_ID               ; 90520740934955.145643961102630 ; --            ; --          ; --             ;
; EDA_OUTPUT_DATA_FORMAT              ; Vhdl                           ; --            ; --          ; eda_simulation ;
; EDA_SIMULATION_TOOL                 ; ModelSim-Altera (VHDL)         ; <None>        ; --          ; --             ;
; PARTITION_COLOR                     ; 16764057                       ; --            ; --          ; Top            ;
; PARTITION_FITTER_PRESERVATION_LEVEL ; PLACEMENT_AND_ROUTING          ; --            ; --          ; Top            ;
; PARTITION_NETLIST_TYPE              ; SOURCE                         ; --            ; --          ; Top            ;
; PROJECT_OUTPUT_DIRECTORY            ; output_files                   ; --            ; --          ; --             ;
+-------------------------------------+--------------------------------+---------------+-------------+----------------+


+-------------------------------------------------------------------------------------------------------------------------------+
; Flow Elapsed Time                                                                                                             ;
+---------------------------+--------------+-------------------------+---------------------+------------------------------------+
; Module Name               ; Elapsed Time ; Average Processors Used ; Peak Virtual Memory ; Total CPU Time (on all processors) ;
+---------------------------+--------------+-------------------------+---------------------+------------------------------------+
; Analysis & Synthesis      ; 00:00:03     ; 1.0                     ; 692 MB              ; 00:00:03                           ;
; Fitter                    ; 00:00:03     ; 1.0                     ; 734 MB              ; 00:00:03                           ;
; Assembler                 ; 00:00:01     ; 1.0                     ; 634 MB              ; 00:00:01                           ;
; TimeQuest Timing Analyzer ; 00:00:01     ; 1.0                     ; 600 MB              ; 00:00:01                           ;
; EDA Netlist Writer        ; 00:00:01     ; 1.0                     ; 788 MB              ; 00:00:01                           ;
; Total                     ; 00:00:09     ; --                      ; --                  ; 00:00:09                           ;
+---------------------------+--------------+-------------------------+---------------------+------------------------------------+


+--------------------------------------------------------------------------------------------------+
; Flow OS Summary                                                                                  ;
+---------------------------+-----------------------+----------------+------------+----------------+
; Module Name               ; Machine Hostname      ; OS Name        ; OS Version ; Processor type ;
+---------------------------+-----------------------+----------------+------------+----------------+
; Analysis & Synthesis      ; localhost.localdomain ; CentOS release ; 6          ; x86_64         ;
; Fitter                    ; localhost.localdomain ; CentOS release ; 6          ; x86_64         ;
; Assembler                 ; localhost.localdomain ; CentOS release ; 6          ; x86_64         ;
; TimeQuest Timing Analyzer ; localhost.localdomain ; CentOS release ; 6          ; x86_64         ;
; EDA Netlist Writer        ; localhost.localdomain ; CentOS release ; 6          ; x86_64         ;
+---------------------------+-----------------------+----------------+------------+----------------+


------------
; Flow Log ;
------------
quartus_map --read_settings_files=on --write_settings_files=off mips_32_bit_alu -c mips_32_bit_alu
quartus_fit --read_settings_files=off --write_settings_files=off mips_32_bit_alu -c mips_32_bit_alu
quartus_asm --read_settings_files=off --write_settings_files=off mips_32_bit_alu -c mips_32_bit_alu
quartus_sta mips_32_bit_alu -c mips_32_bit_alu
quartus_eda --read_settings_files=off --write_settings_files=off mips_32_bit_alu -c mips_32_bit_alu



